<?xml version="1.0" encoding="UTF-8"?>
<robot generator="Robot 6.1.1 (Python 3.11.5 on win32)" generated="20230914 21:33:11.798" rpa="false" schemaversion="4">
<suite id="s1" name="LoginHrm" source="e:\seance 2 automatisation\LoginHrm.robot">
<test id="s1-t1" name="TC01 LoginTest" line="11">
<kw name="Open Browser" library="SeleniumLibrary">
<arg>${url}</arg>
<arg>${browser}</arg>
<doc>Opens a new browser instance to the optional ``url``.</doc>
<msg timestamp="20230914 21:33:12.021" level="INFO">Opening browser 'edge' to base url 'https://opensource-demo.orangehrmlive.com/web/index.php/auth/login'.</msg>
<status status="PASS" starttime="20230914 21:33:12.021" endtime="20230914 21:33:18.140"/>
</kw>
<kw name="Maximize Browser Window" library="SeleniumLibrary">
<doc>Maximizes current browser window.</doc>
<status status="PASS" starttime="20230914 21:33:18.141" endtime="20230914 21:33:18.284"/>
</kw>
<kw name="Sleep" library="BuiltIn">
<arg>3</arg>
<doc>Pauses the test executed for the given time.</doc>
<msg timestamp="20230914 21:33:21.300" level="INFO">Slept 3 seconds</msg>
<status status="PASS" starttime="20230914 21:33:18.299" endtime="20230914 21:33:21.300"/>
</kw>
<kw name="Input Text" library="SeleniumLibrary">
<arg>name:username</arg>
<arg>${username}</arg>
<doc>Types the given ``text`` into the text field identified by ``locator``.</doc>
<msg timestamp="20230914 21:33:21.300" level="INFO">Typing text 'admin' into text field 'name:username'.</msg>
<status status="PASS" starttime="20230914 21:33:21.300" endtime="20230914 21:33:21.494"/>
</kw>
<kw name="Input Password" library="SeleniumLibrary">
<arg>name:password</arg>
<arg>${password}</arg>
<doc>Types the given password into the text field identified by ``locator``.</doc>
<msg timestamp="20230914 21:33:21.501" level="INFO">Typing password into text field 'name:password'.</msg>
<msg timestamp="20230914 21:33:21.557" level="INFO">Temporally setting log level to: NONE</msg>
<msg timestamp="20230914 21:33:21.700" level="INFO">Log level changed from NONE to INFO.</msg>
<status status="PASS" starttime="20230914 21:33:21.499" endtime="20230914 21:33:21.700"/>
</kw>
<kw name="Click Button" library="SeleniumLibrary">
<arg>class:oxd-button</arg>
<doc>Clicks the button identified by ``locator``.</doc>
<msg timestamp="20230914 21:33:21.708" level="INFO">Clicking button 'class:oxd-button'.</msg>
<status status="PASS" starttime="20230914 21:33:21.707" endtime="20230914 21:33:21.847"/>
</kw>
<kw name="Sleep" library="BuiltIn">
<arg>3</arg>
<doc>Pauses the test executed for the given time.</doc>
<msg timestamp="20230914 21:33:24.896" level="INFO">Slept 3 seconds</msg>
<status status="PASS" starttime="20230914 21:33:21.896" endtime="20230914 21:33:24.896"/>
</kw>
<kw name="Element Text Should Be" library="SeleniumLibrary">
<arg>Xpath://*[@id="app"]/div[1]/div[1]/header/div[1]/div[1]/span/h6</arg>
<arg>Dashboard</arg>
<doc>Verifies that element ``locator`` contains exact the text ``expected``.</doc>
<msg timestamp="20230914 21:33:24.896" level="INFO">Verifying element 'Xpath://*[@id="app"]/div[1]/div[1]/header/div[1]/div[1]/span/h6' contains exact text 'Dashboard'.</msg>
<status status="PASS" starttime="20230914 21:33:24.896" endtime="20230914 21:33:24.930"/>
</kw>
<kw name="Click Element" library="SeleniumLibrary">
<arg>Xpath://p[@class="oxd-userdropdown-name"]</arg>
<doc>Click the element identified by ``locator``.</doc>
<msg timestamp="20230914 21:33:24.930" level="INFO">Clicking element 'Xpath://p[@class="oxd-userdropdown-name"]'.</msg>
<status status="PASS" starttime="20230914 21:33:24.930" endtime="20230914 21:33:25.002"/>
</kw>
<kw name="Sleep" library="BuiltIn">
<arg>3</arg>
<doc>Pauses the test executed for the given time.</doc>
<msg timestamp="20230914 21:33:28.002" level="INFO">Slept 3 seconds</msg>
<status status="PASS" starttime="20230914 21:33:25.002" endtime="20230914 21:33:28.002"/>
</kw>
<kw name="Click Element" library="SeleniumLibrary">
<arg>Link:Logout</arg>
<doc>Click the element identified by ``locator``.</doc>
<msg timestamp="20230914 21:33:28.002" level="INFO">Clicking element 'Link:Logout'.</msg>
<status status="PASS" starttime="20230914 21:33:28.002" endtime="20230914 21:33:28.671"/>
</kw>
<kw name="Sleep" library="BuiltIn">
<arg>3</arg>
<doc>Pauses the test executed for the given time.</doc>
<msg timestamp="20230914 21:33:31.674" level="INFO">Slept 3 seconds</msg>
<status status="PASS" starttime="20230914 21:33:28.672" endtime="20230914 21:33:31.674"/>
</kw>
<kw name="Close Browser" library="SeleniumLibrary">
<doc>Closes the current browser.</doc>
<status status="PASS" starttime="20230914 21:33:31.674" endtime="20230914 21:33:33.983"/>
</kw>
<status status="PASS" starttime="20230914 21:33:12.021" endtime="20230914 21:33:33.983"/>
</test>
<status status="PASS" starttime="20230914 21:33:11.804" endtime="20230914 21:33:33.983"/>
</suite>
<statistics>
<total>
<stat pass="1" fail="0" skip="0">All Tests</stat>
</total>
<tag>
</tag>
<suite>
<stat pass="1" fail="0" skip="0" id="s1" name="LoginHrm">LoginHrm</stat>
</suite>
</statistics>
<errors>
</errors>
</robot>
